<?xml version="1.0" encoding="UTF-8"?>
<!-- Generated by org.testng.reporters.JUnitReportReporter -->
<testsuite hostname="LAPTOP-BD7BPLL2" failures="0" tests="1" name="Omnitracs.SeleniumEasyDemo.DatePickerDemoTest" time="5.537" errors="0" timestamp="2022-03-10T16:41:28 IST" skipped="0">
  <testcase classname="Omnitracs.SeleniumEasyDemo.DatePickerDemoTest" name="BootstrapDatePicker" time="5.537"/>
  <system-out/>
</testsuite> <!-- Omnitracs.SeleniumEasyDemo.DatePickerDemoTest -->
