<?xml version="1.0" encoding="UTF-8"?>
<!-- Generated by org.testng.reporters.JUnitReportReporter -->
<testsuite hostname="LAPTOP-BD7BPLL2" failures="0" tests="5" name="Omnitracs.SeleniumEasyDemo.InputFormDemoTest" time="10.908" errors="0" timestamp="2022-03-10T16:41:28 IST" skipped="0">
  <testcase classname="Omnitracs.SeleniumEasyDemo.InputFormDemoTest" name="dropDownDemo" time="1.226"/>
  <system-out/>
  <testcase classname="Omnitracs.SeleniumEasyDemo.InputFormDemoTest" name="inputFormDemo" time="3.542"/>
  <system-out/>
  <testcase classname="Omnitracs.SeleniumEasyDemo.InputFormDemoTest" name="radioButtonDemo" time="1.072"/>
  <system-out/>
  <testcase classname="Omnitracs.SeleniumEasyDemo.InputFormDemoTest" name="sampleInputFormDemo" time="2.447"/>
  <system-out/>
  <testcase classname="Omnitracs.SeleniumEasyDemo.InputFormDemoTest" name="checkBoxDemo" time="2.621"/>
  <system-out/>
</testsuite> <!-- Omnitracs.SeleniumEasyDemo.InputFormDemoTest -->
